mode: atomic
github.com/yuvalk/staticsocket/main.go:13.13,14.30 1 0
github.com/yuvalk/staticsocket/main.go:14.30,17.3 2 0
github.com/yuvalk/staticsocket/main.go:20.18,29.14 3 0
github.com/yuvalk/staticsocket/main.go:29.14,31.3 1 0
github.com/yuvalk/staticsocket/main.go:31.8,33.3 1 0
github.com/yuvalk/staticsocket/main.go:35.2,37.16 3 0
github.com/yuvalk/staticsocket/main.go:37.16,39.3 1 0
github.com/yuvalk/staticsocket/main.go:41.2,42.23 2 0
github.com/yuvalk/staticsocket/main.go:42.23,44.17 2 0
github.com/yuvalk/staticsocket/main.go:44.17,46.4 1 0
github.com/yuvalk/staticsocket/main.go:47.3,48.16 2 0
github.com/yuvalk/staticsocket/main.go:51.2,51.56 1 0
github.com/yuvalk/staticsocket/main.go:51.56,53.3 1 0
github.com/yuvalk/staticsocket/main.go:55.2,55.12 1 0
github.com/yuvalk/staticsocket/internal/parser/patterns/patterns.go:33.42,40.2 3 11
github.com/yuvalk/staticsocket/internal/parser/patterns/patterns.go:42.48,61.2 13 11
github.com/yuvalk/staticsocket/internal/parser/patterns/patterns.go:63.104,65.20 2 9
github.com/yuvalk/staticsocket/internal/parser/patterns/patterns.go:65.20,67.3 1 0
github.com/yuvalk/staticsocket/internal/parser/patterns/patterns.go:70.2,70.61 1 9
github.com/yuvalk/staticsocket/internal/parser/patterns/patterns.go:70.61,72.3 1 4
github.com/yuvalk/staticsocket/internal/parser/patterns/patterns.go:75.2,75.60 1 5
github.com/yuvalk/staticsocket/internal/parser/patterns/patterns.go:75.60,77.3 1 4
github.com/yuvalk/staticsocket/internal/parser/patterns/patterns.go:79.2,79.12 1 1
github.com/yuvalk/staticsocket/internal/parser/patterns/patterns.go:86.21,87.46 1 4
github.com/yuvalk/staticsocket/internal/parser/patterns/patterns.go:87.46,89.3 1 0
github.com/yuvalk/staticsocket/internal/parser/patterns/patterns.go:91.2,102.20 4 4
github.com/yuvalk/staticsocket/internal/parser/patterns/patterns.go:102.20,104.3 1 3
github.com/yuvalk/staticsocket/internal/parser/patterns/patterns.go:106.2,106.15 1 4
github.com/yuvalk/staticsocket/internal/parser/patterns/patterns.go:113.21,119.111 4 4
github.com/yuvalk/staticsocket/internal/parser/patterns/patterns.go:119.111,122.3 2 2
github.com/yuvalk/staticsocket/internal/parser/patterns/patterns.go:122.8,125.3 2 2
github.com/yuvalk/staticsocket/internal/parser/patterns/patterns.go:127.2,127.36 1 4
github.com/yuvalk/staticsocket/internal/parser/patterns/patterns.go:127.36,129.3 1 0
github.com/yuvalk/staticsocket/internal/parser/patterns/patterns.go:131.2,142.20 4 4
github.com/yuvalk/staticsocket/internal/parser/patterns/patterns.go:142.20,143.12 1 4
github.com/yuvalk/staticsocket/internal/parser/patterns/patterns.go:143.12,145.4 1 2
github.com/yuvalk/staticsocket/internal/parser/patterns/patterns.go:145.9,147.4 1 2
github.com/yuvalk/staticsocket/internal/parser/patterns/patterns.go:150.2,150.15 1 4
github.com/yuvalk/staticsocket/internal/parser/patterns/patterns.go:153.78,154.36 1 11
github.com/yuvalk/staticsocket/internal/parser/patterns/patterns.go:155.25,156.42 1 10
github.com/yuvalk/staticsocket/internal/parser/patterns/patterns.go:156.42,158.4 1 10
github.com/yuvalk/staticsocket/internal/parser/patterns/patterns.go:159.18,160.18 1 1
github.com/yuvalk/staticsocket/internal/parser/patterns/patterns.go:162.2,162.11 1 0
github.com/yuvalk/staticsocket/internal/parser/patterns/patterns.go:165.70,166.74 1 8
github.com/yuvalk/staticsocket/internal/parser/patterns/patterns.go:166.74,168.17 2 7
github.com/yuvalk/staticsocket/internal/parser/patterns/patterns.go:168.17,170.4 1 7
github.com/yuvalk/staticsocket/internal/parser/patterns/patterns.go:172.2,172.11 1 1
github.com/yuvalk/staticsocket/internal/parser/patterns/patterns.go:175.84,179.2 1 8
github.com/yuvalk/staticsocket/internal/parser/patterns/patterns.go:181.104,184.49 2 3
github.com/yuvalk/staticsocket/internal/parser/patterns/patterns.go:184.49,186.57 1 2
github.com/yuvalk/staticsocket/internal/parser/patterns/patterns.go:186.57,189.4 2 2
github.com/yuvalk/staticsocket/internal/parser/patterns/patterns.go:190.3,190.9 1 2
github.com/yuvalk/staticsocket/internal/parser/patterns/patterns.go:194.2,195.38 2 1
github.com/yuvalk/staticsocket/internal/parser/patterns/patterns.go:195.38,197.17 2 1
github.com/yuvalk/staticsocket/internal/parser/patterns/patterns.go:197.17,199.4 1 0
github.com/yuvalk/staticsocket/internal/parser/patterns/patterns.go:200.3,202.54 2 1
github.com/yuvalk/staticsocket/internal/parser/patterns/patterns.go:202.54,204.4 1 1
github.com/yuvalk/staticsocket/internal/parser/patterns/patterns.go:208.88,212.38 3 2
github.com/yuvalk/staticsocket/internal/parser/patterns/patterns.go:212.38,216.54 3 2
github.com/yuvalk/staticsocket/internal/parser/patterns/patterns.go:216.54,218.4 1 2
github.com/yuvalk/staticsocket/internal/parser/patterns/patterns.go:222.80,229.40 4 2
github.com/yuvalk/staticsocket/internal/parser/patterns/patterns.go:229.40,233.3 3 1
github.com/yuvalk/staticsocket/internal/parser/patterns/patterns.go:233.8,233.46 1 1
github.com/yuvalk/staticsocket/internal/parser/patterns/patterns.go:233.46,237.3 3 1
github.com/yuvalk/staticsocket/internal/parser/patterns/patterns.go:237.8,241.3 2 0
github.com/yuvalk/staticsocket/internal/parser/patterns/patterns.go:244.2,245.38 2 2
github.com/yuvalk/staticsocket/internal/parser/patterns/patterns.go:245.38,247.38 2 2
github.com/yuvalk/staticsocket/internal/parser/patterns/patterns.go:247.38,250.48 2 1
github.com/yuvalk/staticsocket/internal/parser/patterns/patterns.go:250.48,253.64 3 1
github.com/yuvalk/staticsocket/internal/parser/patterns/patterns.go:253.64,255.6 1 1
github.com/yuvalk/staticsocket/internal/parser/patterns/patterns.go:257.9,261.4 2 1
github.com/yuvalk/staticsocket/internal/resolver/resolver.go:19.27,21.2 1 4
github.com/yuvalk/staticsocket/internal/resolver/resolver.go:23.111,25.23 1 2
github.com/yuvalk/staticsocket/internal/resolver/resolver.go:25.23,27.3 1 0
github.com/yuvalk/staticsocket/internal/resolver/resolver.go:30.2,31.119 2 2
github.com/yuvalk/staticsocket/internal/resolver/resolver.go:31.119,32.29 1 2
github.com/yuvalk/staticsocket/internal/resolver/resolver.go:32.29,34.4 1 2
github.com/yuvalk/staticsocket/internal/resolver/resolver.go:35.8,37.29 1 0
github.com/yuvalk/staticsocket/internal/resolver/resolver.go:37.29,39.4 1 0
github.com/yuvalk/staticsocket/internal/resolver/resolver.go:42.2,42.19 1 2
github.com/yuvalk/staticsocket/internal/resolver/resolver.go:42.19,44.3 1 0
github.com/yuvalk/staticsocket/internal/resolver/resolver.go:47.2,47.48 1 2
github.com/yuvalk/staticsocket/internal/resolver/resolver.go:47.48,49.3 1 2
github.com/yuvalk/staticsocket/internal/resolver/resolver.go:52.111,53.28 1 2
github.com/yuvalk/staticsocket/internal/resolver/resolver.go:54.18,56.60 1 0
github.com/yuvalk/staticsocket/internal/resolver/resolver.go:56.60,59.4 2 0
github.com/yuvalk/staticsocket/internal/resolver/resolver.go:62.3,62.70 1 0
github.com/yuvalk/staticsocket/internal/resolver/resolver.go:62.70,67.4 4 0
github.com/yuvalk/staticsocket/internal/resolver/resolver.go:69.25,72.68 2 1
github.com/yuvalk/staticsocket/internal/resolver/resolver.go:72.68,77.4 4 1
github.com/yuvalk/staticsocket/internal/resolver/resolver.go:79.23,81.49 1 1
github.com/yuvalk/staticsocket/internal/resolver/resolver.go:81.49,83.4 1 1
github.com/yuvalk/staticsocket/internal/resolver/resolver.go:85.21,87.41 1 0
github.com/yuvalk/staticsocket/internal/resolver/resolver.go:87.41,89.4 1 0
github.com/yuvalk/staticsocket/internal/resolver/resolver.go:92.2,92.14 1 0
github.com/yuvalk/staticsocket/internal/resolver/resolver.go:95.84,97.34 1 1
github.com/yuvalk/staticsocket/internal/resolver/resolver.go:97.34,98.45 1 2
github.com/yuvalk/staticsocket/internal/resolver/resolver.go:98.45,99.39 1 2
github.com/yuvalk/staticsocket/internal/resolver/resolver.go:99.39,100.51 1 2
github.com/yuvalk/staticsocket/internal/resolver/resolver.go:100.51,101.43 1 1
github.com/yuvalk/staticsocket/internal/resolver/resolver.go:101.43,102.63 1 1
github.com/yuvalk/staticsocket/internal/resolver/resolver.go:102.63,103.62 1 1
github.com/yuvalk/staticsocket/internal/resolver/resolver.go:103.62,104.42 1 1
github.com/yuvalk/staticsocket/internal/resolver/resolver.go:104.42,105.66 1 1
github.com/yuvalk/staticsocket/internal/resolver/resolver.go:105.66,107.11 1 1
github.com/yuvalk/staticsocket/internal/resolver/resolver.go:116.2,116.11 1 0
github.com/yuvalk/staticsocket/internal/resolver/resolver.go:119.101,123.21 3 0
github.com/yuvalk/staticsocket/internal/resolver/resolver.go:124.38,125.37 1 0
github.com/yuvalk/staticsocket/internal/resolver/resolver.go:126.37,127.36 1 0
github.com/yuvalk/staticsocket/internal/resolver/resolver.go:131.89,134.36 1 0
github.com/yuvalk/staticsocket/internal/resolver/resolver.go:134.36,135.55 1 0
github.com/yuvalk/staticsocket/internal/resolver/resolver.go:135.55,138.4 2 0
github.com/yuvalk/staticsocket/internal/resolver/resolver.go:142.88,144.36 1 0
github.com/yuvalk/staticsocket/internal/resolver/resolver.go:144.36,148.3 1 0
github.com/yuvalk/staticsocket/internal/resolver/resolver.go:151.2,152.38 2 0
github.com/yuvalk/staticsocket/internal/resolver/resolver.go:152.38,156.54 3 0
github.com/yuvalk/staticsocket/internal/resolver/resolver.go:156.54,158.4 1 0
github.com/yuvalk/staticsocket/internal/resolver/resolver.go:162.93,164.9 1 3
github.com/yuvalk/staticsocket/internal/resolver/resolver.go:165.88,167.27 1 2
github.com/yuvalk/staticsocket/internal/resolver/resolver.go:169.88,171.27 1 0
github.com/yuvalk/staticsocket/internal/resolver/resolver.go:173.118,175.34 1 0
github.com/yuvalk/staticsocket/internal/resolver/resolver.go:177.10,178.19 1 1
github.com/yuvalk/staticsocket/internal/resolver/resolver.go:182.76,188.21 3 1
github.com/yuvalk/staticsocket/internal/resolver/resolver.go:188.21,190.32 2 1
github.com/yuvalk/staticsocket/internal/resolver/resolver.go:191.19,193.17 2 1
github.com/yuvalk/staticsocket/internal/resolver/resolver.go:194.26,195.15 1 0
github.com/yuvalk/staticsocket/internal/resolver/resolver.go:196.11,197.17 1 0
github.com/yuvalk/staticsocket/internal/resolver/resolver.go:201.2,201.33 1 1
github.com/yuvalk/staticsocket/internal/resolver/resolver.go:208.8,210.29 1 1
github.com/yuvalk/staticsocket/internal/resolver/resolver.go:210.29,212.43 1 1
github.com/yuvalk/staticsocket/internal/resolver/resolver.go:212.43,213.70 1 1
github.com/yuvalk/staticsocket/internal/resolver/resolver.go:213.70,219.43 3 1
github.com/yuvalk/staticsocket/internal/resolver/resolver.go:219.43,222.6 1 1
github.com/yuvalk/staticsocket/internal/resolver/resolver.go:222.11,225.6 1 0
github.com/yuvalk/staticsocket/internal/resolver/resolver.go:226.5,226.16 1 1
github.com/yuvalk/staticsocket/internal/resolver/resolver.go:230.2,230.14 1 0
github.com/yuvalk/staticsocket/internal/resolver/resolver.go:233.101,235.49 1 0
github.com/yuvalk/staticsocket/internal/resolver/resolver.go:235.49,239.10 2 0
github.com/yuvalk/staticsocket/internal/resolver/resolver.go:240.82,245.15 4 0
github.com/yuvalk/staticsocket/internal/resolver/resolver.go:247.85,252.15 4 0
github.com/yuvalk/staticsocket/internal/resolver/resolver.go:256.2,256.14 1 0
github.com/yuvalk/staticsocket/internal/resolver/resolver.go:259.87,261.40 1 1
github.com/yuvalk/staticsocket/internal/resolver/resolver.go:261.40,266.3 4 1
github.com/yuvalk/staticsocket/internal/resolver/resolver.go:266.8,266.46 1 0
github.com/yuvalk/staticsocket/internal/resolver/resolver.go:266.46,271.3 4 0
github.com/yuvalk/staticsocket/internal/resolver/resolver.go:274.2,275.38 2 1
github.com/yuvalk/staticsocket/internal/resolver/resolver.go:275.38,277.38 2 1
github.com/yuvalk/staticsocket/internal/resolver/resolver.go:277.38,279.48 2 0
github.com/yuvalk/staticsocket/internal/resolver/resolver.go:279.48,282.64 3 0
github.com/yuvalk/staticsocket/internal/resolver/resolver.go:282.64,284.6 1 0
github.com/yuvalk/staticsocket/internal/resolver/resolver.go:286.9,288.4 1 1
github.com/yuvalk/staticsocket/internal/resolver/resolver.go:292.34,294.2 1 0
github.com/yuvalk/staticsocket/pkg/analyzer/analyzer.go:23.22,32.2 1 6
github.com/yuvalk/staticsocket/pkg/analyzer/analyzer.go:34.79,36.16 2 6
github.com/yuvalk/staticsocket/pkg/analyzer/analyzer.go:36.16,38.3 1 1
github.com/yuvalk/staticsocket/pkg/analyzer/analyzer.go:40.2,40.18 1 5
github.com/yuvalk/staticsocket/pkg/analyzer/analyzer.go:40.18,42.3 1 2
github.com/yuvalk/staticsocket/pkg/analyzer/analyzer.go:43.2,43.34 1 3
github.com/yuvalk/staticsocket/pkg/analyzer/analyzer.go:46.85,47.85 1 2
github.com/yuvalk/staticsocket/pkg/analyzer/analyzer.go:47.85,48.17 1 12
github.com/yuvalk/staticsocket/pkg/analyzer/analyzer.go:48.17,50.4 1 0
github.com/yuvalk/staticsocket/pkg/analyzer/analyzer.go:52.3,52.75 1 12
github.com/yuvalk/staticsocket/pkg/analyzer/analyzer.go:52.75,54.4 1 5
github.com/yuvalk/staticsocket/pkg/analyzer/analyzer.go:56.3,57.13 2 7
github.com/yuvalk/staticsocket/pkg/analyzer/analyzer.go:60.2,60.16 1 2
github.com/yuvalk/staticsocket/pkg/analyzer/analyzer.go:60.16,62.3 1 0
github.com/yuvalk/staticsocket/pkg/analyzer/analyzer.go:64.2,65.23 2 2
github.com/yuvalk/staticsocket/pkg/analyzer/analyzer.go:68.81,70.16 2 10
github.com/yuvalk/staticsocket/pkg/analyzer/analyzer.go:70.16,72.3 1 0
github.com/yuvalk/staticsocket/pkg/analyzer/analyzer.go:74.2,75.16 2 10
github.com/yuvalk/staticsocket/pkg/analyzer/analyzer.go:75.16,77.3 1 1
github.com/yuvalk/staticsocket/pkg/analyzer/analyzer.go:79.2,88.23 4 9
github.com/yuvalk/staticsocket/pkg/analyzer/analyzer.go:91.35,96.35 4 11
github.com/yuvalk/staticsocket/pkg/analyzer/analyzer.go:96.35,97.36 1 88
github.com/yuvalk/staticsocket/pkg/analyzer/analyzer.go:98.33,99.28 1 24
github.com/yuvalk/staticsocket/pkg/analyzer/analyzer.go:100.32,101.27 1 64
github.com/yuvalk/staticsocket/pkg/analyzer/analyzer.go:112.55,114.9 2 1520
github.com/yuvalk/staticsocket/pkg/analyzer/analyzer.go:114.9,116.3 1 1462
github.com/yuvalk/staticsocket/pkg/analyzer/analyzer.go:118.2,120.87 2 58
github.com/yuvalk/staticsocket/pkg/analyzer/analyzer.go:120.87,124.31 3 24
github.com/yuvalk/staticsocket/pkg/analyzer/analyzer.go:124.31,126.4 1 24
github.com/yuvalk/staticsocket/pkg/analyzer/analyzer.go:128.3,129.75 2 24
github.com/yuvalk/staticsocket/pkg/analyzer/analyzer.go:132.2,132.10 1 58
github.com/yuvalk/staticsocket/pkg/analyzer/analyzer.go:135.49,137.27 2 24
github.com/yuvalk/staticsocket/pkg/analyzer/analyzer.go:137.27,139.3 1 20
github.com/yuvalk/staticsocket/pkg/analyzer/analyzer.go:140.2,140.20 1 4
github.com/yuvalk/staticsocket/pkg/types/socket.go:55.73,56.33 1 4
github.com/yuvalk/staticsocket/pkg/types/socket.go:57.14,60.27 3 1
github.com/yuvalk/staticsocket/pkg/types/socket.go:61.14,64.27 3 1
github.com/yuvalk/staticsocket/pkg/types/socket.go:65.13,66.29 1 1
github.com/yuvalk/staticsocket/pkg/types/socket.go:67.10,68.54 1 1
github.com/yuvalk/staticsocket/pkg/types/socket.go:72.61,82.49 4 1
github.com/yuvalk/staticsocket/pkg/types/socket.go:82.49,84.3 1 0
github.com/yuvalk/staticsocket/pkg/types/socket.go:86.2,86.27 1 1
github.com/yuvalk/staticsocket/pkg/types/socket.go:86.27,103.49 3 1
github.com/yuvalk/staticsocket/pkg/types/socket.go:103.49,105.4 1 0
github.com/yuvalk/staticsocket/pkg/types/socket.go:108.2,108.12 1 1
github.com/yuvalk/staticsocket/pkg/types/socket.go:111.36,112.16 1 6
github.com/yuvalk/staticsocket/pkg/types/socket.go:112.16,114.3 1 2
github.com/yuvalk/staticsocket/pkg/types/socket.go:115.2,115.32 1 4
github.com/yuvalk/staticsocket/pkg/types/socket.go:118.42,119.16 1 5
github.com/yuvalk/staticsocket/pkg/types/socket.go:119.16,121.3 1 1
github.com/yuvalk/staticsocket/pkg/types/socket.go:122.2,122.13 1 4
